Copyright 1986-2018 Xilinx, Inc. All Rights Reserved.
--------------------------------------------------------------------------------------
| Tool Version : Vivado v.2018.2 (win64) Build 2258646 Thu Jun 14 20:03:12 MDT 2018
| Date         : Fri Jun 24 20:02:52 2022
| Host         : LAPTOP-U9ENC108 running 64-bit major release  (build 9200)
| Command      : report_control_sets -verbose -file dig_clock_control_sets_placed.rpt
| Design       : dig_clock
| Device       : xc7a35t
--------------------------------------------------------------------------------------

Control Set Information

Table of Contents
-----------------
1. Summary
2. Histogram
3. Flip-Flop Distribution
4. Detailed Control Set Information

1. Summary
----------

+----------------------------------------------------------+-------+
|                          Status                          | Count |
+----------------------------------------------------------+-------+
| Number of unique control sets                            |     6 |
| Unused register locations in slices containing registers |    10 |
+----------------------------------------------------------+-------+


2. Histogram
------------

+--------+--------------+
| Fanout | Control Sets |
+--------+--------------+
|     12 |            1 |
|     14 |            1 |
|    16+ |            4 |
+--------+--------------+


3. Flip-Flop Distribution
-------------------------

+--------------+-----------------------+------------------------+-----------------+--------------+
| Clock Enable | Synchronous Set/Reset | Asynchronous Set/Reset | Total Registers | Total Slices |
+--------------+-----------------------+------------------------+-----------------+--------------+
| No           | No                    | No                     |              14 |            3 |
| No           | No                    | Yes                    |               0 |            0 |
| No           | Yes                   | No                     |              72 |           13 |
| Yes          | No                    | No                     |               0 |            0 |
| Yes          | No                    | Yes                    |               0 |            0 |
| Yes          | Yes                   | No                     |             112 |           17 |
+--------------+-----------------------+------------------------+-----------------+--------------+


4. Detailed Control Set Information
-----------------------------------

+--------------------------------+----------------------+------------------+------------------+----------------+
|          Clock Signal          |     Enable Signal    | Set/Reset Signal | Slice Load Count | Bel Load Count |
+--------------------------------+----------------------+------------------+------------------+----------------+
|  sys_clk_IBUF_BUFG             | timer/sec[5]_i_1_n_0 | timer/p_0_in     |                3 |             12 |
|  dec/a_to_g_inferred__0/i__n_0 |                      |                  |                3 |             14 |
|  sys_clk_IBUF_BUFG             | timer/min[7]_i_1_n_0 | timer/p_0_in     |                2 |             16 |
|  sys_clk_IBUF_BUFG             | clken/E[0]           | timer/p_0_in     |                4 |             20 |
|  sys_clk_IBUF_BUFG             | detect/count_reg[0]  | timer/p_0_in     |                8 |             64 |
|  sys_clk_IBUF_BUFG             |                      | timer/p_0_in     |               13 |             72 |
+--------------------------------+----------------------+------------------+------------------+----------------+


